Build started 11/3/2015 7:06:36 PM.
     1>Project "C:\Program Files (x86)\SMI\iViewNG-HMD\HMD C++ Example\iViewNG-HMD-API-Example\iViewNG-HMD-API-Example.vcxproj" on node 2 (Build target(s)).
     1>ClCompile:
         C:\Program Files (x86)\Microsoft Visual Studio 14.0\VC\bin\CL.exe /c /I"..\iViewNG-HMD API\include" /ZI /nologo /W3 /WX- /Od /Oy- /D WIN32 /D _DEBUG /D _CONSOLE /D _UNICODE /D UNICODE /Gm /EHsc /RTC1 /MDd /GS /fp:precise /Zc:wchar_t /Zc:forScope /Zc:inline /Fo"Debug\\" /Fd"Debug\vc140.pdb" /Gd /TP /analyze- /errorReport:prompt main.cpp
         main.cpp
     1>c:\program files (x86)\smi\iviewng-hmd\hmd c++ example\iviewng-hmd-api-example\main.cpp(263): warning C4996: 'strcpy': This function or variable may be unsafe. Consider using strcpy_s instead. To disable deprecation, use _CRT_SECURE_NO_WARNINGS. See online help for details.
         c:\program files (x86)\windows kits\10\include\10.0.10150.0\ucrt\string.h(119): note: see declaration of 'strcpy'
     1>c:\program files (x86)\smi\iviewng-hmd\hmd c++ example\iviewng-hmd-api-example\main.cpp(281): warning C4996: 'strcpy': This function or variable may be unsafe. Consider using strcpy_s instead. To disable deprecation, use _CRT_SECURE_NO_WARNINGS. See online help for details.
         c:\program files (x86)\windows kits\10\include\10.0.10150.0\ucrt\string.h(119): note: see declaration of 'strcpy'
       Link:
         C:\Program Files (x86)\Microsoft Visual Studio 14.0\VC\bin\link.exe /ERRORREPORT:PROMPT /OUT:"C:\Program Files (x86)\SMI\iViewNG-HMD\HMD C++ Example\Debug\iViewNG-HMD-API-Example.exe" /INCREMENTAL:NO /NOLOGO /LIBPATH:"..\iViewNG-HMD API\libs" kernel32.lib user32.lib gdi32.lib winspool.lib comdlg32.lib advapi32.lib shell32.lib ole32.lib oleaut32.lib uuid.lib odbc32.lib odbccp32.lib iViewHMDAPI.lib kernel32.lib user32.lib gdi32.lib winspool.lib comdlg32.lib advapi32.lib shell32.lib ole32.lib oleaut32.lib uuid.lib odbc32.lib odbccp32.lib /MANIFEST /MANIFESTUAC:"level='asInvoker' uiAccess='false'" /manifest:embed /Debug /PDB:"C:\Program Files (x86)\SMI\iViewNG-HMD\HMD C++ Example\Debug\iViewNG-HMD-API-Example.pdb" /SUBSYSTEM:CONSOLE /TLBID:1 /DYNAMICBASE /NXCOMPAT /IMPLIB:"C:\Program Files (x86)\SMI\iViewNG-HMD\HMD C++ Example\Debug\iViewNG-HMD-API-Example.lib" /MACHINE:X86 Debug\main.obj
     1>main.obj : warning LNK4075: ignoring '/EDITANDCONTINUE' due to '/OPT:LBR' specification
         iViewNG-HMD-API-Example.vcxproj -> C:\Program Files (x86)\SMI\iViewNG-HMD\HMD C++ Example\Debug\iViewNG-HMD-API-Example.exe
       PostBuildEvent:
         copy "..\iViewNG-HMD API\libs\iViewHMDAPI.dll" "C:\Program Files (x86)\SMI\iViewNG-HMD\HMD C++ Example\Debug\iViewHMDAPI.dll"
         xcopy  "..\iViewNG-HMD API\3rdParty" "..\Debug" /e /y /r
         
         :VCEnd
                 1 file(s) copied.
         ..\iViewNG-HMD API\3rdParty\avcodec-53.dll
         ..\iViewNG-HMD API\3rdParty\avdevice-53.dll
         ..\iViewNG-HMD API\3rdParty\avformat-53.dll
         ..\iViewNG-HMD API\3rdParty\avutil-51.dll
         ..\iViewNG-HMD API\3rdParty\D3DCompiler_43.dll
         ..\iViewNG-HMD API\3rdParty\DirectShowCameraGrabberDll.dll
         ..\iViewNG-HMD API\3rdParty\inpout32.dll
         ..\iViewNG-HMD API\3rdParty\iViewNG-Server.exe
         ..\iViewNG-HMD API\3rdParty\iViewNGAPIVisualizer.exe
         ..\iViewNG-HMD API\3rdParty\libboost_filesystem-mgw45-mt-1_49.dll
         ..\iViewNG-HMD API\3rdParty\libboost_program_options-mgw45-mt-1_49.dll
         ..\iViewNG-HMD API\3rdParty\libboost_regex-mgw45-mt-1_49.dll
         ..\iViewNG-HMD API\3rdParty\libboost_signals-mgw45-mt-1_49.dll
         ..\iViewNG-HMD API\3rdParty\libboost_system-mgw45-mt-1_49.dll
         ..\iViewNG-HMD API\3rdParty\libboost_thread-mgw45-mt-1_49.dll
         ..\iViewNG-HMD API\3rdParty\libgcc_s_dw2-1.dll
         ..\iViewNG-HMD API\3rdParty\libiViewNG-LibCore.dll
         ..\iViewNG-HMD API\3rdParty\libiViewNG-LibServer.dll
         ..\iViewNG-HMD API\3rdParty\libiViewNGLibTestHelpers.dll
         ..\iViewNG-HMD API\3rdParty\libMiiCamSDK.dll
         ..\iViewNG-HMD API\3rdParty\libopencv_calib3d244.dll
         ..\iViewNG-HMD API\3rdParty\libopencv_core244.dll
         ..\iViewNG-HMD API\3rdParty\libopencv_features2d244.dll
         ..\iViewNG-HMD API\3rdParty\libopencv_flann244.dll
         ..\iViewNG-HMD API\3rdParty\libopencv_highgui244.dll
         ..\iViewNG-HMD API\3rdParty\libopencv_imgproc244.dll
         ..\iViewNG-HMD API\3rdParty\libopencv_legacy244.dll
         ..\iViewNG-HMD API\3rdParty\libopencv_ml244.dll
         ..\iViewNG-HMD API\3rdParty\libopencv_video244.dll
         ..\iViewNG-HMD API\3rdParty\libpugixml.dll
         ..\iViewNG-HMD API\3rdParty\libstdc++-6.dll
         ..\iViewNG-HMD API\3rdParty\msvcm90.dll
         ..\iViewNG-HMD API\3rdParty\msvcp110.dll
         ..\iViewNG-HMD API\3rdParty\msvcp90.dll
         ..\iViewNG-HMD API\3rdParty\msvcr110.dll
         ..\iViewNG-HMD API\3rdParty\msvcr71.dll
         ..\iViewNG-HMD API\3rdParty\msvcr90.dll
         ..\iViewNG-HMD API\3rdParty\mvvm.base.dll
         ..\iViewNG-HMD API\3rdParty\opencv_core220.dll
         ..\iViewNG-HMD API\3rdParty\opencv_highgui220.dll
         ..\iViewNG-HMD API\3rdParty\opencv_imgproc220.dll
         ..\iViewNG-HMD API\3rdParty\OpenHardwareMonitorBinding.dll
         ..\iViewNG-HMD API\3rdParty\swscale-2.dll
         ..\iViewNG-HMD API\3rdParty\codec\202WS1031JGR\codec1.bin
         ..\iViewNG-HMD API\3rdParty\codec\202WS1031JGR\codec2.bin
         ..\iViewNG-HMD API\3rdParty\codec\20391S088HMG\codec1.bin
         ..\iViewNG-HMD API\3rdParty\codec\20391S088HMG\codec2.bin
         ..\iViewNG-HMD API\3rdParty\codec\203CR903FVQ5\codec1.bin
         ..\iViewNG-HMD API\3rdParty\codec\203CR903FVQ5\codec2.bin
         ..\iViewNG-HMD API\3rdParty\codec\203Y810BT7VB\codec1.bin
         ..\iViewNG-HMD API\3rdParty\codec\203Y810BT7VB\codec2.bin
         ..\iViewNG-HMD API\3rdParty\codec\2040RE01C7VB\codec1.bin
         ..\iViewNG-HMD API\3rdParty\codec\2040RE01C7VB\codec2.bin
         ..\iViewNG-HMD API\3rdParty\codec\2048XB00V7VB\codec1.bin
         ..\iViewNG-HMD API\3rdParty\codec\2048XB00V7VB\codec2.bin
         ..\iViewNG-HMD API\3rdParty\codec\20490H006HMG\codec1.bin
         ..\iViewNG-HMD API\3rdParty\codec\20490H006HMG\codec2.bin
         ..\iViewNG-HMD API\3rdParty\codec\204C11035QFS\codec1.bin
         ..\iViewNG-HMD API\3rdParty\codec\204C11035QFS\codec2.bin
         ..\iViewNG-HMD API\3rdParty\codec\204DDE02R7VB\codec1.bin
         ..\iViewNG-HMD API\3rdParty\codec\204DDE02R7VB\codec2.bin
         ..\iViewNG-HMD API\3rdParty\codec\204NQ1092HMG\codec1.bin
         ..\iViewNG-HMD API\3rdParty\codec\204NQ1092HMG\codec2.bin
         ..\iViewNG-HMD API\3rdParty\codec\204NRX03JJGR\codec1.bin
         ..\iViewNG-HMD API\3rdParty\codec\204NRX03JJGR\codec2.bin
         ..\iViewNG-HMD API\3rdParty\codec\204NRX03SJGR\codec1.bin
         ..\iViewNG-HMD API\3rdParty\codec\204NRX03SJGR\codec2.bin
         ..\iViewNG-HMD API\3rdParty\codec\204NS402JW8G\codec1.bin
         ..\iViewNG-HMD API\3rdParty\codec\204NS402JW8G\codec2.bin
         ..\iViewNG-HMD API\3rdParty\codec\204NS402XW8G\codec1.bin
         ..\iViewNG-HMD API\3rdParty\codec\204NS402XW8G\codec2.bin
         ..\iViewNG-HMD API\3rdParty\codec\204NS402ZW8G\codec1.bin
         ..\iViewNG-HMD API\3rdParty\codec\204NS402ZW8G\codec2.bin
         ..\iViewNG-HMD API\3rdParty\codec\204NS4034W8G\codec1.bin
         ..\iViewNG-HMD API\3rdParty\codec\204NS4034W8G\codec2.bin
         ..\iViewNG-HMD API\3rdParty\codec\204NS4036W8G\codec1.bin
         ..\iViewNG-HMD API\3rdParty\codec\204NS4036W8G\codec2.bin
         ..\iViewNG-HMD API\3rdParty\codec\204NSD01EFAC\codec1.bin
         ..\iViewNG-HMD API\3rdParty\codec\204NSD01EFAC\codec2.bin
         ..\iViewNG-HMD API\3rdParty\codec\204PY10BGW8G\codec1.bin
         ..\iViewNG-HMD API\3rdParty\codec\204PY10BGW8G\codec2.bin
         ..\iViewNG-HMD API\3rdParty\codec\204PY10BGW8G_old\codec1.bin
         ..\iViewNG-HMD API\3rdParty\codec\204PY10BGW8G_old\codec2.bin
         ..\iViewNG-HMD API\3rdParty\codec\204PYW007W8G\codec1.bin
         ..\iViewNG-HMD API\3rdParty\codec\204PYW007W8G\codec2.bin
         ..\iViewNG-HMD API\3rdParty\codec\204PYW008W8G\codec1.bin
         ..\iViewNG-HMD API\3rdParty\codec\204PYW008W8G\codec2.bin
         ..\iViewNG-HMD API\3rdParty\codec\204Q4802PJGR\codec1.bin
         ..\iViewNG-HMD API\3rdParty\codec\204Q4802PJGR\codec2.bin
         ..\iViewNG-HMD API\3rdParty\codec\204Q5H07WHMG\codec1.bin
         ..\iViewNG-HMD API\3rdParty\codec\204Q5H07WHMG\codec2.bin
         ..\iViewNG-HMD API\3rdParty\codec\204Q5H088HMG\codec1.bin
         ..\iViewNG-HMD API\3rdParty\codec\204Q5H088HMG\codec2.bin
         ..\iViewNG-HMD API\3rdParty\codec\204Q61036JGR\codec1.bin
         ..\iViewNG-HMD API\3rdParty\codec\204Q61036JGR\codec2.bin
         ..\iViewNG-HMD API\3rdParty\codec\204Q61039JGR\codec1.bin
         ..\iViewNG-HMD API\3rdParty\codec\204Q61039JGR\codec2.bin
         ..\iViewNG-HMD API\3rdParty\codec\204Q6E03RJGR\codec1.bin
         ..\iViewNG-HMD API\3rdParty\codec\204Q6E03RJGR\codec2.bin
         ..\iViewNG-HMD API\3rdParty\codec\204Q6H029W8G\codec1.bin
         ..\iViewNG-HMD API\3rdParty\codec\204Q6H029W8G\codec2.bin
         ..\iViewNG-HMD API\3rdParty\codec\204Q7501SFAC\codec1.bin
         ..\iViewNG-HMD API\3rdParty\codec\204Q7501SFAC\codec2.bin
         ..\iViewNG-HMD API\3rdParty\codec\204Q8F03HW8G\codec1.bin
         ..\iViewNG-HMD API\3rdParty\codec\204Q8F03HW8G\codec2.bin
         ..\iViewNG-HMD API\3rdParty\codec\204QB000BHMG\codec1.bin
         ..\iViewNG-HMD API\3rdParty\codec\204QB000BHMG\codec2.bin
         ..\iViewNG-HMD API\3rdParty\codec\204QC908Q9MM\codec1.bin
         ..\iViewNG-HMD API\3rdParty\codec\204QC908Q9MM\codec2.bin
         ..\iViewNG-HMD API\3rdParty\codec\204QCN01HHMG\codec1.bin
         ..\iViewNG-HMD API\3rdParty\codec\204QCN01HHMG\codec2.bin
         ..\iViewNG-HMD API\3rdParty\codec\204QE704EFAC\codec1.bin
         ..\iViewNG-HMD API\3rdParty\codec\204QE704EFAC\codec2.bin
         ..\iViewNG-HMD API\3rdParty\codec\204RG801SJGR\codec1.bin
         ..\iViewNG-HMD API\3rdParty\codec\204RG801SJGR\codec2.bin
         ..\iViewNG-HMD API\3rdParty\codec\204X6M007TK2\codec1.bin
         ..\iViewNG-HMD API\3rdParty\codec\204X6M007TK2\codec2.bin
         ..\iViewNG-HMD API\3rdParty\codec\205CPT03ZBK3\codec1.bin
         ..\iViewNG-HMD API\3rdParty\codec\205CPT03ZBK3\codec2.bin
         ..\iViewNG-HMD API\3rdParty\codec\205VCX06CW8G\codec1.bin
         ..\iViewNG-HMD API\3rdParty\codec\205VCX06CW8G\codec2.bin
         ..\iViewNG-HMD API\3rdParty\codec\206CMX093C6G\codec1.bin
         ..\iViewNG-HMD API\3rdParty\codec\206CMX093C6G\codec2.bin
         ..\iViewNG-HMD API\3rdParty\codec\206DXG05ZJGR\codec1.bin
         ..\iViewNG-HMD API\3rdParty\codec\206DXG05ZJGR\codec2.bin
         ..\iViewNG-HMD API\3rdParty\codec\206DXM026BK3\codec1.bin
         ..\iViewNG-HMD API\3rdParty\codec\206DXM026BK3\codec2.bin
         ..\iViewNG-HMD API\3rdParty\codec\206DXS05WW8G\codec1.bin
         ..\iViewNG-HMD API\3rdParty\codec\206DXS05WW8G\codec2.bin
         ..\iViewNG-HMD API\3rdParty\codec\206GTS07ABK3\codec1.bin
         ..\iViewNG-HMD API\3rdParty\codec\206GTS07ABK3\codec2.bin
         ..\iViewNG-HMD API\3rdParty\codec\206GTT05WQAN\codec1.bin
         ..\iViewNG-HMD API\3rdParty\codec\206GTT05WQAN\codec2.bin
         ..\iViewNG-HMD API\3rdParty\codec\206GV607ZJGR\codec1.bin
         ..\iViewNG-HMD API\3rdParty\codec\206GV607ZJGR\codec2.bin
         ..\iViewNG-HMD API\3rdParty\codec\206H8704FZ1T\codec1.bin
         ..\iViewNG-HMD API\3rdParty\codec\206H8704FZ1T\codec2.bin
         ..\iViewNG-HMD API\3rdParty\codec\206HBB04FBK3\codec1.bin
         ..\iViewNG-HMD API\3rdParty\codec\206HBB04FBK3\codec2.bin
         ..\iViewNG-HMD API\3rdParty\codec\206HCP031JGR\codec1.bin
         ..\iViewNG-HMD API\3rdParty\codec\206HCP031JGR\codec2.bin
         ..\iViewNG-HMD API\3rdParty\codec\206P8603XBK3\codec1.bin
         ..\iViewNG-HMD API\3rdParty\codec\206P8603XBK3\codec2.bin
         ..\iViewNG-HMD API\3rdParty\codec\206Z9W088CJ6\codec1.bin
         ..\iViewNG-HMD API\3rdParty\codec\206Z9W088CJ6\codec2.bin
         ..\iViewNG-HMD API\3rdParty\codec\2074GT01SBK3\codec1.bin
         ..\iViewNG-HMD API\3rdParty\codec\2074GT01SBK3\codec2.bin
         ..\iViewNG-HMD API\3rdParty\codec\2079ZP08QCJ6\codec1.bin
         ..\iViewNG-HMD API\3rdParty\codec\2079ZP08QCJ6\codec2.bin
         ..\iViewNG-HMD API\3rdParty\codec\207A6Z00SCJ6\codec1.bin
         ..\iViewNG-HMD API\3rdParty\codec\207A6Z00SCJ6\codec2.bin
         ..\iViewNG-HMD API\3rdParty\codec\207AHB0473TH\codec1.bin
         ..\iViewNG-HMD API\3rdParty\codec\207AHB0473TH\codec2.bin
         ..\iViewNG-HMD API\3rdParty\codec\207B4D01VJGR\codec1.bin
         ..\iViewNG-HMD API\3rdParty\codec\207B4D01VJGR\codec2.bin
         ..\iViewNG-HMD API\3rdParty\codec\207BJH000CJ6\codec1.bin
         ..\iViewNG-HMD API\3rdParty\codec\207BJH000CJ6\codec2.bin
         ..\iViewNG-HMD API\3rdParty\codec\207KW100TZ1T\codec1.bin
         ..\iViewNG-HMD API\3rdParty\codec\207KW100TZ1T\codec2.bin
         ..\iViewNG-HMD API\3rdParty\codec\207M8301VCJ6\codec1.bin
         ..\iViewNG-HMD API\3rdParty\codec\207M8301VCJ6\codec2.bin
         ..\iViewNG-HMD API\3rdParty\codec\207PF1053JGR\codec1.bin
         ..\iViewNG-HMD API\3rdParty\codec\207PF1053JGR\codec2.bin
         ..\iViewNG-HMD API\3rdParty\codec\207Q5806TZ1T\codec1.bin
         ..\iViewNG-HMD API\3rdParty\codec\207Q5806TZ1T\codec2.bin
         ..\iViewNG-HMD API\3rdParty\codec\207RRG04K3TH\codec1.bin
         ..\iViewNG-HMD API\3rdParty\codec\207RRG04K3TH\codec2.bin
         ..\iViewNG-HMD API\3rdParty\codec\207XQT09S3TH\codec1.bin
         ..\iViewNG-HMD API\3rdParty\codec\207XQT09S3TH\codec2.bin
         ..\iViewNG-HMD API\3rdParty\codec\207Y8404YQAN\codec1.bin
         ..\iViewNG-HMD API\3rdParty\codec\207Y8404YQAN\codec2.bin
         ..\iViewNG-HMD API\3rdParty\codec\207Z2007AQAN\codec1.bin
         ..\iViewNG-HMD API\3rdParty\codec\207Z2007AQAN\codec2.bin
         ..\iViewNG-HMD API\3rdParty\codec\207Z2C07CQAN\codec1.bin
         ..\iViewNG-HMD API\3rdParty\codec\207Z2C07CQAN\codec2.bin
         ..\iViewNG-HMD API\3rdParty\codec\207Z55098QAN\codec1.bin
         ..\iViewNG-HMD API\3rdParty\codec\207Z55098QAN\codec2.bin
         ..\iViewNG-HMD API\3rdParty\codec\20862H010QAN\codec1.bin
         ..\iViewNG-HMD API\3rdParty\codec\20862H010QAN\codec2.bin
         ..\iViewNG-HMD API\3rdParty\codec\20867R044QAN\codec1.bin
         ..\iViewNG-HMD API\3rdParty\codec\20867R044QAN\codec2.bin
         ..\iViewNG-HMD API\3rdParty\codec\2086QV01RZ1T\codec1.bin
         ..\iViewNG-HMD API\3rdParty\codec\2086QV01RZ1T\codec2.bin
         ..\iViewNG-HMD API\3rdParty\codec\2087EK008CJ6\codec1.bin
         ..\iViewNG-HMD API\3rdParty\codec\2087EK008CJ6\codec2.bin
         ..\iViewNG-HMD API\3rdParty\codec\208CAF06FQAN\codec1.bin
         ..\iViewNG-HMD API\3rdParty\codec\208CAF06FQAN\codec2.bin
         ..\iViewNG-HMD API\3rdParty\codec\208DJD05TVHM\codec1.bin
         ..\iViewNG-HMD API\3rdParty\codec\208DJD05TVHM\codec2.bin
         ..\iViewNG-HMD API\3rdParty\codec\208DVV0CHVHM\codec1.bin
         ..\iViewNG-HMD API\3rdParty\codec\208DVV0CHVHM\codec2.bin
         ..\iViewNG-HMD API\3rdParty\codec\208G06034VHM\codec1.bin
         ..\iViewNG-HMD API\3rdParty\codec\208G06034VHM\codec2.bin
         ..\iViewNG-HMD API\3rdParty\codec\208G1R04GVHM\codec1.bin
         ..\iViewNG-HMD API\3rdParty\codec\208G1R04GVHM\codec2.bin
         ..\iViewNG-HMD API\3rdParty\codec\208G46038HMG\codec1.bin
         ..\iViewNG-HMD API\3rdParty\codec\208G46038HMG\codec2.bin
         ..\iViewNG-HMD API\3rdParty\codec\208G7P04KHMG\codec1.bin
         ..\iViewNG-HMD API\3rdParty\codec\208G7P04KHMG\codec2.bin
         ..\iViewNG-HMD API\3rdParty\codec\208G9H09DVHM\codec1.bin
         ..\iViewNG-HMD API\3rdParty\codec\208G9H09DVHM\codec2.bin
         ..\iViewNG-HMD API\3rdParty\codec\208GCP0BXVHM\codec1.bin
         ..\iViewNG-HMD API\3rdParty\codec\208GCP0BXVHM\codec2.bin
         ..\iViewNG-HMD API\3rdParty\codec\208H9A0903TH\codec1.bin
         ..\iViewNG-HMD API\3rdParty\codec\208H9A0903TH\codec2.bin
         ..\iViewNG-HMD API\3rdParty\codec\208HAA00NCJ6\codec1.bin
         ..\iViewNG-HMD API\3rdParty\codec\208HAA00NCJ6\codec2.bin
         ..\iViewNG-HMD API\3rdParty\codec\208HBJ00S3TH\codec1.bin
         ..\iViewNG-HMD API\3rdParty\codec\208HBJ00S3TH\codec2.bin
         ..\iViewNG-HMD API\3rdParty\codec\208HPP003Z1T\codec1.bin
         ..\iViewNG-HMD API\3rdParty\codec\208HPP003Z1T\codec2.bin
         ..\iViewNG-HMD API\3rdParty\codec\208HPR04ZVHM\codec1.bin
         ..\iViewNG-HMD API\3rdParty\codec\208HPR04ZVHM\codec2.bin
         ..\iViewNG-HMD API\3rdParty\codec\208HPV05SCJ6\codec1.bin
         ..\iViewNG-HMD API\3rdParty\codec\208HPV05SCJ6\codec2.bin
         ..\iViewNG-HMD API\3rdParty\codec\208J0N0AECJ6\codec1.bin
         ..\iViewNG-HMD API\3rdParty\codec\208J0N0AECJ6\codec2.bin
         ..\iViewNG-HMD API\3rdParty\codec\208J2X0BMQAN\codec1.bin
         ..\iViewNG-HMD API\3rdParty\codec\208J2X0BMQAN\codec2.bin
         ..\iViewNG-HMD API\3rdParty\codec\208JWE022HMG\codec1.bin
         ..\iViewNG-HMD API\3rdParty\codec\208JWE022HMG\codec2.bin
         ..\iViewNG-HMD API\3rdParty\codec\208MEH042QAN\codec1.bin
         ..\iViewNG-HMD API\3rdParty\codec\208MEH042QAN\codec2.bin
         ..\iViewNG-HMD API\3rdParty\codec\208MGS068VHM\codec1.bin
         ..\iViewNG-HMD API\3rdParty\codec\208MGS068VHM\codec2.bin
         ..\iViewNG-HMD API\3rdParty\codec\208MM3061HMG\codec1.bin
         ..\iViewNG-HMD API\3rdParty\codec\208MM3061HMG\codec2.bin
         ..\iViewNG-HMD API\3rdParty\codec\208NYH01ZHMG\codec1.bin
         ..\iViewNG-HMD API\3rdParty\codec\208NYH01ZHMG\codec2.bin
         ..\iViewNG-HMD API\3rdParty\codec\208SQP007HMG\codec1.bin
         ..\iViewNG-HMD API\3rdParty\codec\208SQP007HMG\codec2.bin
         ..\iViewNG-HMD API\3rdParty\codec\208T4V071VHM\codec1.bin
         ..\iViewNG-HMD API\3rdParty\codec\208T4V071VHM\codec2.bin
         ..\iViewNG-HMD API\3rdParty\codec\2093X505KQAN\codec1.bin
         ..\iViewNG-HMD API\3rdParty\codec\2093X505KQAN\codec2.bin
         ..\iViewNG-HMD API\3rdParty\codec\2096GD023QAN\codec1.bin
         ..\iViewNG-HMD API\3rdParty\codec\2096GD023QAN\codec2.bin
         ..\iViewNG-HMD API\3rdParty\codec\209DFT00TCJ6\codec1.bin
         ..\iViewNG-HMD API\3rdParty\codec\209DFT00TCJ6\codec2.bin
         ..\iViewNG-HMD API\3rdParty\codec\209DHT02CQAN\codec1.bin
         ..\iViewNG-HMD API\3rdParty\codec\209DHT02CQAN\codec2.bin
         ..\iViewNG-HMD API\3rdParty\codec\209DJ102QZ1T\codec1.bin
         ..\iViewNG-HMD API\3rdParty\codec\209DJ102QZ1T\codec2.bin
         ..\iViewNG-HMD API\3rdParty\codec\209DJK02SQAN\codec1.bin
         ..\iViewNG-HMD API\3rdParty\codec\209DJK02SQAN\codec2.bin
         ..\iViewNG-HMD API\3rdParty\codec\209DJK031Z1T\codec1.bin
         ..\iViewNG-HMD API\3rdParty\codec\209DJK031Z1T\codec2.bin
         ..\iViewNG-HMD API\3rdParty\codec\209DYJ06QVHM\codec1.bin
         ..\iViewNG-HMD API\3rdParty\codec\209DYJ06QVHM\codec2.bin
         ..\iViewNG-HMD API\3rdParty\codec\209E1M07DZ1T\codec1.bin
         ..\iViewNG-HMD API\3rdParty\codec\209E1M07DZ1T\codec2.bin
         ..\iViewNG-HMD API\3rdParty\codec\209F8705TQAN\codec1.bin
         ..\iViewNG-HMD API\3rdParty\codec\209F8705TQAN\codec2.bin
         ..\iViewNG-HMD API\3rdParty\codec\209HMY00BQAN\codec1.bin
         ..\iViewNG-HMD API\3rdParty\codec\209HMY00BQAN\codec2.bin
         ..\iViewNG-HMD API\3rdParty\codec\209KD303HVHM\codec1.bin
         ..\iViewNG-HMD API\3rdParty\codec\209KD303HVHM\codec2.bin
         ..\iViewNG-HMD API\3rdParty\codec\209KD5070QAN\codec1.bin
         ..\iViewNG-HMD API\3rdParty\codec\209KD5070QAN\codec2.bin
         ..\iViewNG-HMD API\3rdParty\codec\209KHK07VZ1T\codec1.bin
         ..\iViewNG-HMD API\3rdParty\codec\209KHK07VZ1T\codec2.bin
         ..\iViewNG-HMD API\3rdParty\codec\209KJ8064VHM\codec1.bin
         ..\iViewNG-HMD API\3rdParty\codec\209KJ8064VHM\codec2.bin
         ..\iViewNG-HMD API\3rdParty\codec\209KJ9065VHM\codec1.bin
         ..\iViewNG-HMD API\3rdParty\codec\209KJ9065VHM\codec2.bin
         ..\iViewNG-HMD API\3rdParty\codec\209KNZ0B5QAN\codec1.bin
         ..\iViewNG-HMD API\3rdParty\codec\209KNZ0B5QAN\codec2.bin
         ..\iViewNG-HMD API\3rdParty\codec\209KP2095Z1T\codec1.bin
         ..\iViewNG-HMD API\3rdParty\codec\209KP2095Z1T\codec2.bin
         ..\iViewNG-HMD API\3rdParty\codec\209QA2010VHM\codec1.bin
         ..\iViewNG-HMD API\3rdParty\codec\209QA2010VHM\codec2.bin
         ..\iViewNG-HMD API\3rdParty\codec\209QA6011VHM\codec1.bin
         ..\iViewNG-HMD API\3rdParty\codec\209QA6011VHM\codec2.bin
         ..\iViewNG-HMD API\3rdParty\codec\209QA601RZ1T\codec1.bin
         ..\iViewNG-HMD API\3rdParty\codec\209QA601RZ1T\codec2.bin
         ..\iViewNG-HMD API\3rdParty\codec\209QZ0026CJ6\codec1.bin
         ..\iViewNG-HMD API\3rdParty\codec\209QZ0026CJ6\codec2.bin
         ..\iViewNG-HMD API\3rdParty\codec\20A15P01AVHM\codec1.bin
         ..\iViewNG-HMD API\3rdParty\codec\20A15P01AVHM\codec2.bin
         ..\iViewNG-HMD API\3rdParty\codec\20A77A06MSFM\codec1.bin
         ..\iViewNG-HMD API\3rdParty\codec\20A77A06MSFM\codec2.bin
         ..\iViewNG-HMD API\3rdParty\codec\20A77B06NSFM\codec1.bin
         ..\iViewNG-HMD API\3rdParty\codec\20A77B06NSFM\codec2.bin
         ..\iViewNG-HMD API\3rdParty\codec\20ABMX0CGQAN\codec1.bin
         ..\iViewNG-HMD API\3rdParty\codec\20ABMX0CGQAN\codec2.bin
         ..\iViewNG-HMD API\3rdParty\codec\20AD3N05KCJ6\codec1.bin
         ..\iViewNG-HMD API\3rdParty\codec\20AD3N05KCJ6\codec2.bin
         ..\iViewNG-HMD API\3rdParty\codec\20AMX5034CJ6\codec1.bin
         ..\iViewNG-HMD API\3rdParty\codec\20AMX5034CJ6\codec2.bin
         ..\iViewNG-HMD API\3rdParty\codec\20AMXD027VHM\codec1.bin
         ..\iViewNG-HMD API\3rdParty\codec\20AMXD027VHM\codec2.bin
         ..\iViewNG-HMD API\3rdParty\codec\20ARAS02GQAN\codec1.bin
         ..\iViewNG-HMD API\3rdParty\codec\20ARAS02GQAN\codec2.bin
         ..\iViewNG-HMD API\3rdParty\codec\20ARAZ02JVHM\codec1.bin
         ..\iViewNG-HMD API\3rdParty\codec\20ARAZ02JVHM\codec2.bin
         ..\iViewNG-HMD API\3rdParty\codec\20ARBW036QAN\codec1.bin
         ..\iViewNG-HMD API\3rdParty\codec\20ARBW036QAN\codec2.bin
         ..\iViewNG-HMD API\3rdParty\codec\20ARBX037QAN\codec1.bin
         ..\iViewNG-HMD API\3rdParty\codec\20ARBX037QAN\codec2.bin
         ..\iViewNG-HMD API\3rdParty\codec\20AYPT01EQAN\codec1.bin
         ..\iViewNG-HMD API\3rdParty\codec\20AYPT01EQAN\codec2.bin
         ..\iViewNG-HMD API\3rdParty\codec\20AYRQ02FQAN\codec1.bin
         ..\iViewNG-HMD API\3rdParty\codec\20AYRQ02FQAN\codec2.bin
         ..\iViewNG-HMD API\3rdParty\codec\20AYRR02HVHM\codec1.bin
         ..\iViewNG-HMD API\3rdParty\codec\20AYRR02HVHM\codec2.bin
         ..\iViewNG-HMD API\3rdParty\codec\20AZBH09JQAN\codec1.bin
         ..\iViewNG-HMD API\3rdParty\codec\20AZBH09JQAN\codec2.bin
         307 File(s) copied
     1>Done Building Project "C:\Program Files (x86)\SMI\iViewNG-HMD\HMD C++ Example\iViewNG-HMD-API-Example\iViewNG-HMD-API-Example.vcxproj" (Build target(s)).

Build succeeded.

Time Elapsed 00:00:01.74
